Traceback (most recent call last):
  File "H:\HadiSadoghiYazdi\Circuit\Lib\site-packages\jupyter_cache\executors\utils.py", line 58, in single_nb_execution
    executenb(
    ~~~~~~~~~^
        nb,
        ^^^
    ...<4 lines>...
        **kwargs,
        ^^^^^^^^^
    )
    ^
  File "H:\HadiSadoghiYazdi\Circuit\Lib\site-packages\nbclient\client.py", line 1314, in execute
    return NotebookClient(nb=nb, resources=resources, km=km, **kwargs).execute()
           ~~~~~~~~~~~~~~~~~~~~~~~~~~~~~~~~~~~~~~~~~~~~~~~~~~~~~~~~~~~~~~~~~~~^^
  File "H:\HadiSadoghiYazdi\Circuit\Lib\site-packages\jupyter_core\utils\__init__.py", line 165, in wrapped
    return loop.run_until_complete(inner)
           ~~~~~~~~~~~~~~~~~~~~~~~^^^^^^^
  File "C:\Program Files\Python313\Lib\asyncio\base_events.py", line 721, in run_until_complete
    return future.result()
           ~~~~~~~~~~~~~^^
  File "H:\HadiSadoghiYazdi\Circuit\Lib\site-packages\nbclient\client.py", line 709, in async_execute
    await self.async_execute_cell(
        cell, index, execution_count=self.code_cells_executed + 1
    )
  File "H:\HadiSadoghiYazdi\Circuit\Lib\site-packages\nbclient\client.py", line 1062, in async_execute_cell
    await self._check_raise_for_error(cell, cell_index, exec_reply)
  File "H:\HadiSadoghiYazdi\Circuit\Lib\site-packages\nbclient\client.py", line 918, in _check_raise_for_error
    raise CellExecutionError.from_cell_and_msg(cell, exec_reply_content)
nbclient.exceptions.CellExecutionError: An error occurred while executing the following cell:
------------------
# Importing necessary libraries
import numpy as np
import matplotlib.pyplot as plt
from sklearn.preprocessing import MinMaxScaler

# Generate some example data
np.random.seed(42)
data = np.random.randint(100, 1000, 20)  # 20 random integer values between 100 and 1000

# Reshape data for the scaler
data = data.reshape(-1, 1)

# Function to apply Min-Max Normalization
min_max_scaler = MinMaxScaler()
normalized_data = min_max_scaler.fit_transform(data)

# Plot the original and normalized data
plt.figure(figsize=(12, 6))

# Plot original data with a specific color
plt.subplot(1, 2, 1)
plt.bar(range(len(data)), data.flatten(), color='skyblue')
plt.title("Original Data")
plt.xlabel("Index")
plt.ylabel("Value")

# Plot normalized data with a different color
plt.subplot(1, 2, 2)
plt.bar(range(len(normalized_data)), normalized_data.flatten(), color='salmon')
plt.title("Min-Max Normalized Data")
plt.xlabel("Index")
plt.ylabel("Normalized Value (0-1)")

# Show the plots
plt.tight_layout()
plt.show()


------------------


[1;31m---------------------------------------------------------------------------[0m
[1;31mModuleNotFoundError[0m                       Traceback (most recent call last)
Cell [1;32mIn[1], line 4[0m
[0;32m      2[0m [38;5;28;01mimport[39;00m [38;5;21;01mnumpy[39;00m [38;5;28;01mas[39;00m [38;5;21;01mnp[39;00m
[0;32m      3[0m [38;5;28;01mimport[39;00m [38;5;21;01mmatplotlib[39;00m[38;5;21;01m.[39;00m[38;5;21;01mpyplot[39;00m [38;5;28;01mas[39;00m [38;5;21;01mplt[39;00m
[1;32m----> 4[0m [38;5;28;01mfrom[39;00m [38;5;21;01msklearn[39;00m[38;5;21;01m.[39;00m[38;5;21;01mpreprocessing[39;00m [38;5;28;01mimport[39;00m MinMaxScaler
[0;32m      6[0m [38;5;66;03m# Generate some example data[39;00m
[0;32m      7[0m np[38;5;241m.[39mrandom[38;5;241m.[39mseed([38;5;241m42[39m)

[1;31mModuleNotFoundError[0m: No module named 'sklearn'

