Traceback (most recent call last):
  File "H:\HadiSadoghiYazdi\Circuit\Lib\site-packages\jupyter_cache\executors\utils.py", line 58, in single_nb_execution
    executenb(
    ~~~~~~~~~^
        nb,
        ^^^
    ...<4 lines>...
        **kwargs,
        ^^^^^^^^^
    )
    ^
  File "H:\HadiSadoghiYazdi\Circuit\Lib\site-packages\nbclient\client.py", line 1314, in execute
    return NotebookClient(nb=nb, resources=resources, km=km, **kwargs).execute()
           ~~~~~~~~~~~~~~~~~~~~~~~~~~~~~~~~~~~~~~~~~~~~~~~~~~~~~~~~~~~~~~~~~~~^^
  File "H:\HadiSadoghiYazdi\Circuit\Lib\site-packages\jupyter_core\utils\__init__.py", line 165, in wrapped
    return loop.run_until_complete(inner)
           ~~~~~~~~~~~~~~~~~~~~~~~^^^^^^^
  File "C:\Program Files\Python313\Lib\asyncio\base_events.py", line 721, in run_until_complete
    return future.result()
           ~~~~~~~~~~~~~^^
  File "H:\HadiSadoghiYazdi\Circuit\Lib\site-packages\nbclient\client.py", line 709, in async_execute
    await self.async_execute_cell(
        cell, index, execution_count=self.code_cells_executed + 1
    )
  File "H:\HadiSadoghiYazdi\Circuit\Lib\site-packages\nbclient\client.py", line 1062, in async_execute_cell
    await self._check_raise_for_error(cell, cell_index, exec_reply)
  File "H:\HadiSadoghiYazdi\Circuit\Lib\site-packages\nbclient\client.py", line 918, in _check_raise_for_error
    raise CellExecutionError.from_cell_and_msg(cell, exec_reply_content)
nbclient.exceptions.CellExecutionError: An error occurred while executing the following cell:
------------------
import numpy as np
import matplotlib.pyplot as plt
from matplotlib.animation import FuncAnimation

N = 8
angles = np.linspace(0, 2 * np.pi, N, endpoint=False)

data = np.array([
    [0.8, 0.2, 0.4, 0.6, 0.1, 0.9, 0.7, 0.5],
    [0.5, 0.4, 0.3, 0.9, 0.7, 0.1, 0.6, 0.2]
])

def standard_star_coordinates(data, angles):
    x_coords = np.sum(data * np.cos(angles), axis=1)
    y_coords = np.sum(data * np.sin(angles), axis=1)
    return x_coords, y_coords

def proposed_star_coordinates(data, angles, weights):
    x_coords = np.sum(weights * data * np.cos(angles), axis=1)
    y_coords = np.sum(weights * data * np.sin(angles), axis=1)
    return x_coords, y_coords

fig, ax = plt.subplots(figsize=(8, 8))
scatter_standard = ax.scatter([], [], color='blue', label="Standard Formula")
scatter_proposed = ax.scatter([], [], color='orange', label="Proposed Formula")
ax.set_xlim(-3, 3)  
ax.set_ylim(-3, 3)  
ax.legend()
ax.grid(True)

def update(frame):
    ax.clear()
    
    current_weights = np.sin(np.linspace(0, 2 * np.pi, N) + frame / 10)
    
    x_standard, y_standard = standard_star_coordinates(data, angles)
    x_proposed, y_proposed = proposed_star_coordinates(data, angles, current_weights)
    
    for i, angle in enumerate(angles):
        ax.plot([0, np.cos(angle)], [0, np.sin(angle)], 'k-', lw=1)
        ax.text(np.cos(angle)*1.1, np.sin(angle)*1.1, f'Feature {i+1}', fontsize=12)
    
    ax.scatter(x_standard, y_standard, color='blue', s=100, label='Standard Formula')
    ax.scatter(x_proposed, y_proposed, color='orange', s=100, label='Proposed Formula')
    
    ax.set_xlim(-3, 3)  
    ax.set_ylim(-3, 3)
    ax.legend()
    ax.grid(True)

ani = FuncAnimation(fig, update, frames=np.arange(0, 100), interval=100)

ani.save('star_coordinates_animation.mp4', writer='ffmpeg')

ani.save('star_coordinates_animation.gif', writer='imagemagick')

plt.show()
------------------

----- stderr -----
MovieWriter ffmpeg unavailable; using Pillow instead.
------------------

[1;31m---------------------------------------------------------------------------[0m
[1;31mKeyError[0m                                  Traceback (most recent call last)
File [1;32mH:\HadiSadoghiYazdi\Circuit\Lib\site-packages\PIL\Image.py:2580[0m, in [0;36mImage.save[1;34m(self, fp, format, **params)[0m
[0;32m   2579[0m [38;5;28;01mtry[39;00m:
[1;32m-> 2580[0m     [38;5;28mformat[39m [38;5;241m=[39m [43mEXTENSION[49m[43m[[49m[43mext[49m[43m][49m
[0;32m   2581[0m [38;5;28;01mexcept[39;00m [38;5;167;01mKeyError[39;00m [38;5;28;01mas[39;00m e:

[1;31mKeyError[0m: '.mp4'

The above exception was the direct cause of the following exception:

[1;31mValueError[0m                                Traceback (most recent call last)
Cell [1;32mIn[1], line 53[0m
[0;32m     49[0m     ax[38;5;241m.[39mgrid([38;5;28;01mTrue[39;00m)
[0;32m     51[0m ani [38;5;241m=[39m FuncAnimation(fig, update, frames[38;5;241m=[39mnp[38;5;241m.[39marange([38;5;241m0[39m, [38;5;241m100[39m), interval[38;5;241m=[39m[38;5;241m100[39m)
[1;32m---> 53[0m [43mani[49m[38;5;241;43m.[39;49m[43msave[49m[43m([49m[38;5;124;43m'[39;49m[38;5;124;43mstar_coordinates_animation.mp4[39;49m[38;5;124;43m'[39;49m[43m,[49m[43m [49m[43mwriter[49m[38;5;241;43m=[39;49m[38;5;124;43m'[39;49m[38;5;124;43mffmpeg[39;49m[38;5;124;43m'[39;49m[43m)[49m
[0;32m     55[0m ani[38;5;241m.[39msave([38;5;124m'[39m[38;5;124mstar_coordinates_animation.gif[39m[38;5;124m'[39m, writer[38;5;241m=[39m[38;5;124m'[39m[38;5;124mimagemagick[39m[38;5;124m'[39m)
[0;32m     57[0m plt[38;5;241m.[39mshow()

File [1;32mH:\HadiSadoghiYazdi\Circuit\Lib\site-packages\matplotlib\animation.py:1069[0m, in [0;36mAnimation.save[1;34m(self, filename, writer, fps, dpi, codec, bitrate, extra_args, metadata, extra_anim, savefig_kwargs, progress_callback)[0m
[0;32m   1065[0m savefig_kwargs[[38;5;124m'[39m[38;5;124mtransparent[39m[38;5;124m'[39m] [38;5;241m=[39m [38;5;28;01mFalse[39;00m   [38;5;66;03m# just to be safe![39;00m
[0;32m   1066[0m [38;5;66;03m# canvas._is_saving = True makes the draw_event animation-starting[39;00m
[0;32m   1067[0m [38;5;66;03m# callback a no-op; canvas.manager = None prevents resizing the GUI[39;00m
[0;32m   1068[0m [38;5;66;03m# widget (both are likewise done in savefig()).[39;00m
[1;32m-> 1069[0m [38;5;28;01mwith[39;00m [43mwriter[49m[38;5;241;43m.[39;49m[43msaving[49m[43m([49m[38;5;28;43mself[39;49m[38;5;241;43m.[39;49m[43m_fig[49m[43m,[49m[43m [49m[43mfilename[49m[43m,[49m[43m [49m[43mdpi[49m[43m)[49m, \
[0;32m   1070[0m      cbook[38;5;241m.[39m_setattr_cm([38;5;28mself[39m[38;5;241m.[39m_fig[38;5;241m.[39mcanvas, _is_saving[38;5;241m=[39m[38;5;28;01mTrue[39;00m, manager[38;5;241m=[39m[38;5;28;01mNone[39;00m):
[0;32m   1071[0m     [38;5;28;01mfor[39;00m anim [38;5;129;01min[39;00m all_anim:
[0;32m   1072[0m         anim[38;5;241m.[39m_init_draw()  [38;5;66;03m# Clear the initial frame[39;00m

File [1;32mC:\Program Files\Python313\Lib\contextlib.py:148[0m, in [0;36m_GeneratorContextManager.__exit__[1;34m(self, typ, value, traceback)[0m
[0;32m    146[0m [38;5;28;01mif[39;00m typ [38;5;129;01mis[39;00m [38;5;28;01mNone[39;00m:
[0;32m    147[0m     [38;5;28;01mtry[39;00m:
[1;32m--> 148[0m         [38;5;28;43mnext[39;49m[43m([49m[38;5;28;43mself[39;49m[38;5;241;43m.[39;49m[43mgen[49m[43m)[49m
[0;32m    149[0m     [38;5;28;01mexcept[39;00m [38;5;167;01mStopIteration[39;00m:
[0;32m    150[0m         [38;5;28;01mreturn[39;00m [38;5;28;01mFalse[39;00m

File [1;32mH:\HadiSadoghiYazdi\Circuit\Lib\site-packages\matplotlib\animation.py:225[0m, in [0;36mAbstractMovieWriter.saving[1;34m(self, fig, outfile, dpi, *args, **kwargs)[0m
[0;32m    223[0m     [38;5;28;01myield[39;00m [38;5;28mself[39m
[0;32m    224[0m [38;5;28;01mfinally[39;00m:
[1;32m--> 225[0m     [38;5;28;43mself[39;49m[38;5;241;43m.[39;49m[43mfinish[49m[43m([49m[43m)[49m

File [1;32mH:\HadiSadoghiYazdi\Circuit\Lib\site-packages\matplotlib\animation.py:495[0m, in [0;36mPillowWriter.finish[1;34m(self)[0m
[0;32m    494[0m [38;5;28;01mdef[39;00m [38;5;21mfinish[39m([38;5;28mself[39m):
[1;32m--> 495[0m     [38;5;28;43mself[39;49m[38;5;241;43m.[39;49m[43m_frames[49m[43m[[49m[38;5;241;43m0[39;49m[43m][49m[38;5;241;43m.[39;49m[43msave[49m[43m([49m
[0;32m    496[0m [43m        [49m[38;5;28;43mself[39;49m[38;5;241;43m.[39;49m[43moutfile[49m[43m,[49m[43m [49m[43msave_all[49m[38;5;241;43m=[39;49m[38;5;28;43;01mTrue[39;49;00m[43m,[49m[43m [49m[43mappend_images[49m[38;5;241;43m=[39;49m[38;5;28;43mself[39;49m[38;5;241;43m.[39;49m[43m_frames[49m[43m[[49m[38;5;241;43m1[39;49m[43m:[49m[43m][49m[43m,[49m
[0;32m    497[0m [43m        [49m[43mduration[49m[38;5;241;43m=[39;49m[38;5;28;43mint[39;49m[43m([49m[38;5;241;43m1000[39;49m[43m [49m[38;5;241;43m/[39;49m[43m [49m[38;5;28;43mself[39;49m[38;5;241;43m.[39;49m[43mfps[49m[43m)[49m[43m,[49m[43m [49m[43mloop[49m[38;5;241;43m=[39;49m[38;5;241;43m0[39;49m[43m)[49m

File [1;32mH:\HadiSadoghiYazdi\Circuit\Lib\site-packages\PIL\Image.py:2583[0m, in [0;36mImage.save[1;34m(self, fp, format, **params)[0m
[0;32m   2581[0m     [38;5;28;01mexcept[39;00m [38;5;167;01mKeyError[39;00m [38;5;28;01mas[39;00m e:
[0;32m   2582[0m         msg [38;5;241m=[39m [38;5;124mf[39m[38;5;124m"[39m[38;5;124munknown file extension: [39m[38;5;132;01m{[39;00mext[38;5;132;01m}[39;00m[38;5;124m"[39m
[1;32m-> 2583[0m         [38;5;28;01mraise[39;00m [38;5;167;01mValueError[39;00m(msg) [38;5;28;01mfrom[39;00m [38;5;21;01me[39;00m
[0;32m   2585[0m [38;5;28;01mif[39;00m [38;5;28mformat[39m[38;5;241m.[39mupper() [38;5;129;01mnot[39;00m [38;5;129;01min[39;00m SAVE:
[0;32m   2586[0m     init()

[1;31mValueError[0m: unknown file extension: .mp4

